<?xml version="1.0" encoding="UTF-8"?><testrun name="SecurityTest" project="JavaTest" tests="4" started="4" failures="0" errors="2" ignored="0">
  <testsuite name="dev.arsystem.test.SecurityTest" time="0.007">
    <testcase name="test_pass_regular_expression" classname="dev.arsystem.test.SecurityTest" time="0.003">
      <error>java.util.regex.PatternSyntaxException: Unclosed character class near index 29
[A-Za-z0-9`~!@#$%^&amp;*()-_+=[]]+
                             ^
	at java.base/java.util.regex.Pattern.error(Pattern.java:2028)
	at java.base/java.util.regex.Pattern.clazz(Pattern.java:2696)
	at java.base/java.util.regex.Pattern.sequence(Pattern.java:2139)
	at java.base/java.util.regex.Pattern.expr(Pattern.java:2069)
	at java.base/java.util.regex.Pattern.compile(Pattern.java:1783)
	at java.base/java.util.regex.Pattern.&lt;init&gt;(Pattern.java:1429)
	at java.base/java.util.regex.Pattern.compile(Pattern.java:1069)
	at java.base/java.util.regex.Pattern.matches(Pattern.java:1174)
	at java.base/java.lang.String.matches(String.java:2024)
	at dev.arsystem.test.SecurityTest.test_pass_regular_expression(SecurityTest.java:29)
	at java.base/jdk.internal.reflect.NativeMethodAccessorImpl.invoke0(Native Method)
	at java.base/jdk.internal.reflect.NativeMethodAccessorImpl.invoke(NativeMethodAccessorImpl.java:62)
	at java.base/jdk.internal.reflect.DelegatingMethodAccessorImpl.invoke(DelegatingMethodAccessorImpl.java:43)
	at java.base/java.lang.reflect.Method.invoke(Method.java:566)
	at org.junit.runners.model.FrameworkMethod$1.runReflectiveCall(FrameworkMethod.java:47)
	at org.junit.internal.runners.model.ReflectiveCallable.run(ReflectiveCallable.java:12)
	at org.junit.runners.model.FrameworkMethod.invokeExplosively(FrameworkMethod.java:44)
	at org.junit.internal.runners.statements.InvokeMethod.evaluate(InvokeMethod.java:17)
	at org.junit.runners.ParentRunner.runLeaf(ParentRunner.java:271)
	at org.junit.runners.BlockJUnit4ClassRunner.runChild(BlockJUnit4ClassRunner.java:70)
	at org.junit.runners.BlockJUnit4ClassRunner.runChild(BlockJUnit4ClassRunner.java:50)
	at org.junit.runners.ParentRunner$3.run(ParentRunner.java:238)
	at org.junit.runners.ParentRunner$1.schedule(ParentRunner.java:63)
	at org.junit.runners.ParentRunner.runChildren(ParentRunner.java:236)
	at org.junit.runners.ParentRunner.access$000(ParentRunner.java:53)
	at org.junit.runners.ParentRunner$2.evaluate(ParentRunner.java:229)
	at org.junit.runners.ParentRunner.run(ParentRunner.java:309)
	at org.eclipse.jdt.internal.junit4.runner.JUnit4TestReference.run(JUnit4TestReference.java:93)
	at org.eclipse.jdt.internal.junit.runner.TestExecution.run(TestExecution.java:40)
	at org.eclipse.jdt.internal.junit.runner.RemoteTestRunner.runTests(RemoteTestRunner.java:529)
	at org.eclipse.jdt.internal.junit.runner.RemoteTestRunner.runTests(RemoteTestRunner.java:756)
	at org.eclipse.jdt.internal.junit.runner.RemoteTestRunner.run(RemoteTestRunner.java:452)
	at org.eclipse.jdt.internal.junit.runner.RemoteTestRunner.main(RemoteTestRunner.java:210)

</error>
    </testcase>
    <testcase name="medium_when_has_letters_and_numbers" classname="dev.arsystem.test.SecurityTest" time="0.002">
      <error>java.util.regex.PatternSyntaxException: Unclosed character class near index 29
[A-Za-z0-9`~!@#$%^&amp;*()-_+=[]]+
                             ^
	at java.base/java.util.regex.Pattern.error(Pattern.java:2028)
	at java.base/java.util.regex.Pattern.clazz(Pattern.java:2696)
	at java.base/java.util.regex.Pattern.sequence(Pattern.java:2139)
	at java.base/java.util.regex.Pattern.expr(Pattern.java:2069)
	at java.base/java.util.regex.Pattern.compile(Pattern.java:1783)
	at java.base/java.util.regex.Pattern.&lt;init&gt;(Pattern.java:1429)
	at java.base/java.util.regex.Pattern.compile(Pattern.java:1069)
	at java.base/java.util.regex.Pattern.matches(Pattern.java:1174)
	at java.base/java.lang.String.matches(String.java:2024)
	at dev.arsystem.util.PasswordUtil.access(PasswordUtil.java:15)
	at dev.arsystem.test.SecurityTest.medium_when_has_letters_and_numbers(SecurityTest.java:24)
	at java.base/jdk.internal.reflect.NativeMethodAccessorImpl.invoke0(Native Method)
	at java.base/jdk.internal.reflect.NativeMethodAccessorImpl.invoke(NativeMethodAccessorImpl.java:62)
	at java.base/jdk.internal.reflect.DelegatingMethodAccessorImpl.invoke(DelegatingMethodAccessorImpl.java:43)
	at java.base/java.lang.reflect.Method.invoke(Method.java:566)
	at org.junit.runners.model.FrameworkMethod$1.runReflectiveCall(FrameworkMethod.java:47)
	at org.junit.internal.runners.model.ReflectiveCallable.run(ReflectiveCallable.java:12)
	at org.junit.runners.model.FrameworkMethod.invokeExplosively(FrameworkMethod.java:44)
	at org.junit.internal.runners.statements.InvokeMethod.evaluate(InvokeMethod.java:17)
	at org.junit.runners.ParentRunner.runLeaf(ParentRunner.java:271)
	at org.junit.runners.BlockJUnit4ClassRunner.runChild(BlockJUnit4ClassRunner.java:70)
	at org.junit.runners.BlockJUnit4ClassRunner.runChild(BlockJUnit4ClassRunner.java:50)
	at org.junit.runners.ParentRunner$3.run(ParentRunner.java:238)
	at org.junit.runners.ParentRunner$1.schedule(ParentRunner.java:63)
	at org.junit.runners.ParentRunner.runChildren(ParentRunner.java:236)
	at org.junit.runners.ParentRunner.access$000(ParentRunner.java:53)
	at org.junit.runners.ParentRunner$2.evaluate(ParentRunner.java:229)
	at org.junit.runners.ParentRunner.run(ParentRunner.java:309)
	at org.eclipse.jdt.internal.junit4.runner.JUnit4TestReference.run(JUnit4TestReference.java:93)
	at org.eclipse.jdt.internal.junit.runner.TestExecution.run(TestExecution.java:40)
	at org.eclipse.jdt.internal.junit.runner.RemoteTestRunner.runTests(RemoteTestRunner.java:529)
	at org.eclipse.jdt.internal.junit.runner.RemoteTestRunner.runTests(RemoteTestRunner.java:756)
	at org.eclipse.jdt.internal.junit.runner.RemoteTestRunner.run(RemoteTestRunner.java:452)
	at org.eclipse.jdt.internal.junit.runner.RemoteTestRunner.main(RemoteTestRunner.java:210)

</error>
    </testcase>
    <testcase name="low_when_than_less_8_letters" classname="dev.arsystem.test.SecurityTest" time="0.0"/>
    <testcase name="low_when_only_letters" classname="dev.arsystem.test.SecurityTest" time="0.0"/>
  </testsuite>
</testrun>
